# JRE version: Java(TM) SE Runtime Environment (8.0_51-b16) (build 1.8.0_51-b16)
# Java VM: Java HotSpot(TM) Client VM (25.51-b03 mixed mode windows-x86 )
Heap:
 def new generation   total 12864K, used 4984K [0x04400000, 0x051f0000, 0x09950000)
  eden space 11456K,  41% used [0x04400000, 0x04897138, 0x04f30000)
  from space 1408K,  20% used [0x04f30000, 0x04f76ef0, 0x05090000)
  to   space 1408K,   0% used [0x05090000, 0x05090000, 0x051f0000)
 tenured generation   total 28408K, used 28093K [0x09950000, 0x0b50e000, 0x14400000)
   the space 28408K,  98% used [0x09950000, 0x0b4bf410, 0x0b4bf600, 0x0b50e000)
 Metaspace       used 23952K, capacity 24183K, committed 24320K, reserved 24960K
GC Heap History (10 events):
Event: 55.724 GC heap before
{Heap before GC invocations=37 (full 3):
 def new generation   total 12864K, used 12328K [0x04400000, 0x051f0000, 0x09950000)
  eden space 11456K, 100% used [0x04400000, 0x04f30000, 0x04f30000)
  from space 1408K,  61% used [0x05090000, 0x0516a2c0, 0x051f0000)
  to   space 1408K,   0% used [0x04f30000, 0x04f30000, 0x05090000)
 tenured generation   total 28408K, used 25724K [0x09950000, 0x0b50e000, 0x14400000)
   the space 28408K,  90% used [0x09950000, 0x0b26f3a8, 0x0b26f400, 0x0b50e000)
 Metaspace       used 23914K, capacity 24140K, committed 24320K, reserved 24960K
Event: 55.733 GC heap after
Heap after GC invocations=38 (full 3):
 def new generation   total 12864K, used 120K [0x04400000, 0x051f0000, 0x09950000)
  eden space 11456K,   0% used [0x04400000, 0x04400000, 0x04f30000)
  from space 1408K,   8% used [0x04f30000, 0x04f4e1f0, 0x05090000)
  to   space 1408K,   0% used [0x05090000, 0x05090000, 0x051f0000)
 tenured generation   total 28408K, used 26505K [0x09950000, 0x0b50e000, 0x14400000)
   the space 28408K,  93% used [0x09950000, 0x0b332790, 0x0b332800, 0x0b50e000)
 Metaspace       used 23914K, capacity 24140K, committed 24320K, reserved 24960K
}
Event: 57.751 GC heap before
{Heap before GC invocations=38 (full 3):
 def new generation   total 12864K, used 11576K [0x04400000, 0x051f0000, 0x09950000)
  eden space 11456K, 100% used [0x04400000, 0x04f30000, 0x04f30000)
  from space 1408K,   8% used [0x04f30000, 0x04f4e1f0, 0x05090000)
  to   space 1408K,   0% used [0x05090000, 0x05090000, 0x051f0000)
 tenured generation   total 28408K, used 26505K [0x09950000, 0x0b50e000, 0x14400000)
   the space 28408K,  93% used [0x09950000, 0x0b332790, 0x0b332800, 0x0b50e000)
 Metaspace       used 23951K, capacity 24183K, committed 24320K, reserved 24960K
Event: 57.765 GC heap after
Heap after GC invocations=39 (full 3):
 def new generation   total 12864K, used 1408K [0x04400000, 0x051f0000, 0x09950000)
  eden space 11456K,   0% used [0x04400000, 0x04400000, 0x04f30000)
  from space 1408K, 100% used [0x05090000, 0x051f0000, 0x051f0000)
  to   space 1408K,   0% used [0x04f30000, 0x04f30000, 0x05090000)
 tenured generation   total 28408K, used 26846K [0x09950000, 0x0b50e000, 0x14400000)
   the space 28408K,  94% used [0x09950000, 0x0b387bd0, 0x0b387c00, 0x0b50e000)
 Metaspace       used 23951K, capacity 24183K, committed 24320K, reserved 24960K
}
Event: 57.980 GC heap before
{Heap before GC invocations=39 (full 3):
 def new generation   total 12864K, used 12864K [0x04400000, 0x051f0000, 0x09950000)
  eden space 11456K, 100% used [0x04400000, 0x04f30000, 0x04f30000)
  from space 1408K, 100% used [0x05090000, 0x051f0000, 0x051f0000)
  to   space 1408K,   0% used [0x04f30000, 0x04f30000, 0x05090000)
 tenured generation   total 28408K, used 26846K [0x09950000, 0x0b50e000, 0x14400000)
   the space 28408K,  94% used [0x09950000, 0x0b387bd0, 0x0b387c00, 0x0b50e000)
 Metaspace       used 23951K, capacity 24183K, committed 24320K, reserved 24960K
Event: 57.992 GC heap after
Heap after GC invocations=40 (full 3):
 def new generation   total 12864K, used 268K [0x04400000, 0x051f0000, 0x09950000)
  eden space 11456K,   0% used [0x04400000, 0x04400000, 0x04f30000)
  from space 1408K,  19% used [0x04f30000, 0x04f73120, 0x05090000)
  to   space 1408K,   0% used [0x05090000, 0x05090000, 0x051f0000)
 tenured generation   total 28408K, used 28093K [0x09950000, 0x0b50e000, 0x14400000)
   the space 28408K,  98% used [0x09950000, 0x0b4bf410, 0x0b4bf600, 0x0b50e000)
 Metaspace       used 23951K, capacity 24183K, committed 24320K, reserved 24960K
}
Event: 58.156 GC heap before
{Heap before GC invocations=40 (full 3):
 def new generation   total 12864K, used 11724K [0x04400000, 0x051f0000, 0x09950000)
  eden space 11456K, 100% used [0x04400000, 0x04f30000, 0x04f30000)
  from space 1408K,  19% used [0x04f30000, 0x04f73120, 0x05090000)
  to   space 1408K,   0% used [0x05090000, 0x05090000, 0x051f0000)
 tenured generation   total 28408K, used 28093K [0x09950000, 0x0b50e000, 0x14400000)
   the space 28408K,  98% used [0x09950000, 0x0b4bf410, 0x0b4bf600, 0x0b50e000)
 Metaspace       used 23951K, capacity 24183K, committed 24320K, reserved 24960K
Event: 58.161 GC heap after
Heap after GC invocations=41 (full 3):
 def new generation   total 12864K, used 275K [0x04400000, 0x051f0000, 0x09950000)
  eden space 11456K,   0% used [0x04400000, 0x04400000, 0x04f30000)
  from space 1408K,  19% used [0x05090000, 0x050d4ce8, 0x051f0000)
  to   space 1408K,   0% used [0x04f30000, 0x04f30000, 0x05090000)
 tenured generation   total 28408K, used 28093K [0x09950000, 0x0b50e000, 0x14400000)
   the space 28408K,  98% used [0x09950000, 0x0b4bf410, 0x0b4bf600, 0x0b50e000)
 Metaspace       used 23951K, capacity 24183K, committed 24320K, reserved 24960K
}
Event: 58.319 GC heap before
{Heap before GC invocations=41 (full 3):
 def new generation   total 12864K, used 11731K [0x04400000, 0x051f0000, 0x09950000)
  eden space 11456K, 100% used [0x04400000, 0x04f30000, 0x04f30000)
  from space 1408K,  19% used [0x05090000, 0x050d4ce8, 0x051f0000)
  to   space 1408K,   0% used [0x04f30000, 0x04f30000, 0x05090000)
 tenured generation   total 28408K, used 28093K [0x09950000, 0x0b50e000, 0x14400000)
   the space 28408K,  98% used [0x09950000, 0x0b4bf410, 0x0b4bf600, 0x0b50e000)
 Metaspace       used 23951K, capacity 24183K, committed 24320K, reserved 24960K
Event: 58.323 GC heap after
Heap after GC invocations=42 (full 3):
 def new generation   total 12864K, used 283K [0x04400000, 0x051f0000, 0x09950000)
  eden space 11456K,   0% used [0x04400000, 0x04400000, 0x04f30000)
  from space 1408K,  20% used [0x04f30000, 0x04f76ef0, 0x05090000)
  to   space 1408K,   0% used [0x05090000, 0x05090000, 0x051f0000)
 tenured generation   total 28408K, used 28093K [0x09950000, 0x0b50e000, 0x14400000)
   the space 28408K,  98% used [0x09950000, 0x0b4bf410, 0x0b4bf600, 0x0b50e000)
 Metaspace       used 23951K, capacity 24183K, committed 24320K, reserved 24960K
}

